c:\users\admin\desktop\windowskernelbrowser\windowskernelbrowserdriver\obj\release\x64\vc142.pdb
c:\users\admin\desktop\windowskernelbrowser\windowskernelbrowserdriver\obj\release\x64\worker.obj
c:\users\admin\desktop\windowskernelbrowser\windowskernelbrowserdriver\obj\release\x64\pool.obj
c:\users\admin\desktop\windowskernelbrowser\windowskernelbrowserdriver\obj\release\x64\idt.obj
c:\users\admin\desktop\windowskernelbrowser\windowskernelbrowserdriver\obj\release\x64\gdt.obj
c:\users\admin\desktop\windowskernelbrowser\windowskernelbrowserdriver\obj\release\x64\driver.obj
c:\users\admin\desktop\windowskernelbrowser\windowskernelbrowserdriver\bin\release\x64\windowskernelbrowserdriver.sys
c:\users\admin\desktop\windowskernelbrowser\windowskernelbrowserdriver\bin\release\x64\windowskernelbrowserdriver.pdb
c:\users\admin\desktop\windowskernelbrowser\windowskernelbrowserdriver\obj\release\x64\payload.obj
c:\users\admin\desktop\windowskernelbrowser\windowskernelbrowserdriver\obj\release\x64\windowsk.5e001b91.tlog\cl.command.1.tlog
c:\users\admin\desktop\windowskernelbrowser\windowskernelbrowserdriver\obj\release\x64\windowsk.5e001b91.tlog\cl.read.1.tlog
c:\users\admin\desktop\windowskernelbrowser\windowskernelbrowserdriver\obj\release\x64\windowsk.5e001b91.tlog\cl.write.1.tlog
c:\users\admin\desktop\windowskernelbrowser\windowskernelbrowserdriver\obj\release\x64\windowsk.5e001b91.tlog\link.command.1.tlog
c:\users\admin\desktop\windowskernelbrowser\windowskernelbrowserdriver\obj\release\x64\windowsk.5e001b91.tlog\link.read.1.tlog
c:\users\admin\desktop\windowskernelbrowser\windowskernelbrowserdriver\obj\release\x64\windowsk.5e001b91.tlog\link.write.1.tlog
c:\users\admin\desktop\windowskernelbrowser\windowskernelbrowserdriver\obj\release\x64\windowsk.5e001b91.tlog\masm.read.1u.tlog
c:\users\admin\desktop\windowskernelbrowser\windowskernelbrowserdriver\obj\release\x64\windowsk.5e001b91.tlog\masm.write.1u.tlog
c:\users\admin\desktop\windowskernelbrowser\windowskernelbrowserdriver\obj\release\x64\windowsk.5e001b91.tlog\signtool.command.1.tlog
c:\users\admin\desktop\windowskernelbrowser\windowskernelbrowserdriver\obj\release\x64\windowsk.5e001b91.tlog\signtool.read.1.tlog
c:\users\admin\desktop\windowskernelbrowser\windowskernelbrowserdriver\obj\release\x64\windowsk.5e001b91.tlog\signtool.timestamp.1.tlog
c:\users\admin\desktop\windowskernelbrowser\windowskernelbrowserdriver\obj\release\x64\windowsk.5e001b91.tlog\signtool.write.1.tlog
